# JRE version: OpenJDK Runtime Environment Temurin-21.0.9+10 (21.0.9+10) (build 21.0.9+10-LTS)
# Java VM: OpenJDK 64-Bit Server VM Temurin-21.0.9+10 (21.0.9+10-LTS, mixed mode, sharing, tiered, compressed oops, compressed class ptrs, g1 gc, windows-amd64)
GC Precious Log:
 CardTable entry size: 512
 Card Set container configuration: InlinePtr #cards 4 size 8 Array Of Cards #cards 32 size 80 Howl #buckets 8 coarsen threshold 7372 Howl Bitmap #cards 1024 size 144 coarsen threshold 921 Card regions per heap region 1 cards per card region 8192
 CPUs: 12 total, 12 available
 Memory: 24339M
 Large Page Support: Disabled
 NUMA Support: Disabled
 Compressed Oops: Enabled (Zero based)
 Heap Region Size: 4M
 Heap Min Capacity: 8M
 Heap Initial Capacity: 384M
 Heap Max Capacity: 6088M
 Pre-touch: Disabled
 Parallel Workers: 10
 Concurrent Workers: 3
 Concurrent Refinement Workers: 10
 Periodic GC: Disabled
Heap:
 garbage-first heap   total 135168K, used 76695K [0x0000000683800000, 0x0000000800000000)
  region size 4096K, 10 young (40960K), 1 survivors (4096K)
 Metaspace       used 86818K, committed 87680K, reserved 1179648K
  class space    used 11831K, committed 12224K, reserved 1048576K
GC Heap History (20 events):
Event: 1.165 GC heap before
{Heap before GC invocations=3 (full 0):
 garbage-first heap   total 393216K, used 62659K [0x0000000683800000, 0x0000000800000000)
  region size 4096K, 12 young (49152K), 1 survivors (4096K)
 Metaspace       used 21155K, committed 21504K, reserved 1114112K
  class space    used 2571K, committed 2752K, reserved 1048576K
}
Event: 1.170 GC heap after
{Heap after GC invocations=4 (full 0):
 garbage-first heap   total 393216K, used 25969K [0x0000000683800000, 0x0000000800000000)
  region size 4096K, 2 young (8192K), 2 survivors (8192K)
 Metaspace       used 21155K, committed 21504K, reserved 1114112K
  class space    used 2571K, committed 2752K, reserved 1048576K
}
Event: 1.834 GC heap before
{Heap before GC invocations=5 (full 0):
 garbage-first heap   total 98304K, used 75121K [0x0000000683800000, 0x0000000800000000)
  region size 4096K, 14 young (57344K), 2 survivors (8192K)
 Metaspace       used 27458K, committed 27776K, reserved 1114112K
  class space    used 3490K, committed 3648K, reserved 1048576K
}
Event: 1.840 GC heap after
{Heap after GC invocations=6 (full 0):
 garbage-first heap   total 98304K, used 29227K [0x0000000683800000, 0x0000000800000000)
  region size 4096K, 2 young (8192K), 2 survivors (8192K)
 Metaspace       used 27458K, committed 27776K, reserved 1114112K
  class space    used 3490K, committed 3648K, reserved 1048576K
}
Event: 2.483 GC heap before
{Heap before GC invocations=6 (full 0):
 garbage-first heap   total 98304K, used 70187K [0x0000000683800000, 0x0000000800000000)
  region size 4096K, 12 young (49152K), 2 survivors (8192K)
 Metaspace       used 34354K, committed 34880K, reserved 1114112K
  class space    used 4423K, committed 4672K, reserved 1048576K
}
Event: 2.491 GC heap after
{Heap after GC invocations=7 (full 0):
 garbage-first heap   total 98304K, used 28672K [0x0000000683800000, 0x0000000800000000)
  region size 4096K, 2 young (8192K), 2 survivors (8192K)
 Metaspace       used 34354K, committed 34880K, reserved 1114112K
  class space    used 4423K, committed 4672K, reserved 1048576K
}
Event: 2.617 GC heap before
{Heap before GC invocations=7 (full 0):
 garbage-first heap   total 98304K, used 40960K [0x0000000683800000, 0x0000000800000000)
  region size 4096K, 6 young (24576K), 2 survivors (8192K)
 Metaspace       used 35562K, committed 36096K, reserved 1114112K
  class space    used 4593K, committed 4800K, reserved 1048576K
}
Event: 2.622 GC heap after
{Heap after GC invocations=8 (full 0):
 garbage-first heap   total 122880K, used 29940K [0x0000000683800000, 0x0000000800000000)
  region size 4096K, 1 young (4096K), 1 survivors (4096K)
 Metaspace       used 35562K, committed 36096K, reserved 1114112K
  class space    used 4593K, committed 4800K, reserved 1048576K
}
Event: 3.540 GC heap before
{Heap before GC invocations=9 (full 0):
 garbage-first heap   total 110592K, used 91380K [0x0000000683800000, 0x0000000800000000)
  region size 4096K, 16 young (65536K), 1 survivors (4096K)
 Metaspace       used 52875K, committed 53376K, reserved 1114112K
  class space    used 7149K, committed 7360K, reserved 1048576K
}
Event: 3.544 GC heap after
{Heap after GC invocations=10 (full 0):
 garbage-first heap   total 110592K, used 33109K [0x0000000683800000, 0x0000000800000000)
  region size 4096K, 2 young (8192K), 2 survivors (8192K)
 Metaspace       used 52875K, committed 53376K, reserved 1114112K
  class space    used 7149K, committed 7360K, reserved 1048576K
}
Event: 3.861 GC heap before
{Heap before GC invocations=10 (full 0):
 garbage-first heap   total 110592K, used 57685K [0x0000000683800000, 0x0000000800000000)
  region size 4096K, 9 young (36864K), 2 survivors (8192K)
 Metaspace       used 59637K, committed 60288K, reserved 1114112K
  class space    used 8203K, committed 8512K, reserved 1048576K
}
Event: 3.866 GC heap after
{Heap after GC invocations=11 (full 0):
 garbage-first heap   total 110592K, used 32183K [0x0000000683800000, 0x0000000800000000)
  region size 4096K, 2 young (8192K), 2 survivors (8192K)
 Metaspace       used 59637K, committed 60288K, reserved 1114112K
  class space    used 8203K, committed 8512K, reserved 1048576K
}
Event: 3.905 GC heap before
{Heap before GC invocations=11 (full 0):
 garbage-first heap   total 110592K, used 32183K [0x0000000683800000, 0x0000000800000000)
  region size 4096K, 3 young (12288K), 2 survivors (8192K)
 Metaspace       used 59988K, committed 60608K, reserved 1114112K
  class space    used 8228K, committed 8512K, reserved 1048576K
}
Event: 3.907 GC heap after
{Heap after GC invocations=12 (full 0):
 garbage-first heap   total 110592K, used 32973K [0x0000000683800000, 0x0000000800000000)
  region size 4096K, 1 young (4096K), 1 survivors (4096K)
 Metaspace       used 59988K, committed 60608K, reserved 1114112K
  class space    used 8228K, committed 8512K, reserved 1048576K
}
Event: 4.609 GC heap before
{Heap before GC invocations=13 (full 0):
 garbage-first heap   total 110592K, used 86221K [0x0000000683800000, 0x0000000800000000)
  region size 4096K, 14 young (57344K), 1 survivors (4096K)
 Metaspace       used 67498K, committed 68160K, reserved 1114112K
  class space    used 9293K, committed 9600K, reserved 1048576K
}
Event: 4.614 GC heap after
{Heap after GC invocations=14 (full 0):
 garbage-first heap   total 110592K, used 36783K [0x0000000683800000, 0x0000000800000000)
  region size 4096K, 2 young (8192K), 2 survivors (8192K)
 Metaspace       used 67498K, committed 68160K, reserved 1114112K
  class space    used 9293K, committed 9600K, reserved 1048576K
}
Event: 5.280 GC heap before
{Heap before GC invocations=14 (full 0):
 garbage-first heap   total 110592K, used 90031K [0x0000000683800000, 0x0000000800000000)
  region size 4096K, 15 young (61440K), 2 survivors (8192K)
 Metaspace       used 74019K, committed 74752K, reserved 1114112K
  class space    used 10219K, committed 10560K, reserved 1048576K
}
Event: 5.290 GC heap after
{Heap after GC invocations=15 (full 0):
 garbage-first heap   total 110592K, used 40360K [0x0000000683800000, 0x0000000800000000)
  region size 4096K, 2 young (8192K), 2 survivors (8192K)
 Metaspace       used 74019K, committed 74752K, reserved 1114112K
  class space    used 10219K, committed 10560K, reserved 1048576K
}
Event: 1476.744 GC heap before
{Heap before GC invocations=15 (full 0):
 garbage-first heap   total 110592K, used 85416K [0x0000000683800000, 0x0000000800000000)
  region size 4096K, 14 young (57344K), 2 survivors (8192K)
 Metaspace       used 85044K, committed 85888K, reserved 1179648K
  class space    used 11696K, committed 12096K, reserved 1048576K
}
Event: 1476.750 GC heap after
{Heap after GC invocations=16 (full 0):
 garbage-first heap   total 135168K, used 43927K [0x0000000683800000, 0x0000000800000000)
  region size 4096K, 1 young (4096K), 1 survivors (4096K)
 Metaspace       used 85044K, committed 85888K, reserved 1179648K
  class space    used 11696K, committed 12096K, reserved 1048576K
}

